2021-10-01 02:38:05.1693|ERROR|Microsoft.EntityFrameworkCore.Database.Command|Failed executing DbCommand (74ms) [Parameters=[], CommandType='Text', CommandTimeout='30']
CREATE TABLE [Cities] (
    [Id] int NOT NULL IDENTITY,
    [Name] nvarchar(max) NULL,
    [Description] nvarchar(max) NULL,
    CONSTRAINT [PK_Cities] PRIMARY KEY ([Id])
);
2021-10-01 13:44:05.3494|INFO|APIDemo.Program|Initializing application ...
2021-10-01 13:44:12.0996|INFO|Microsoft.Hosting.Lifetime|Now listening on: https://localhost:5001
2021-10-01 13:44:12.1445|INFO|Microsoft.Hosting.Lifetime|Now listening on: http://localhost:1028
2021-10-01 13:44:12.1501|INFO|Microsoft.Hosting.Lifetime|Application started. Press Ctrl+C to shut down.
2021-10-01 13:44:12.1537|INFO|Microsoft.Hosting.Lifetime|Hosting environment: Development
2021-10-01 13:44:12.1810|INFO|Microsoft.Hosting.Lifetime|Content root path: /Users/ayobamiwalletafrica/Projects/APIDemo/APIDemo
2021-10-01 13:57:33.9940|INFO|APIDemo.Program|Initializing application ...
2021-10-01 13:57:42.7884|INFO|Microsoft.Hosting.Lifetime|Now listening on: https://localhost:5001
2021-10-01 13:57:42.8100|INFO|Microsoft.Hosting.Lifetime|Now listening on: http://localhost:1028
2021-10-01 13:57:42.8442|INFO|Microsoft.Hosting.Lifetime|Application started. Press Ctrl+C to shut down.
2021-10-01 13:57:42.8499|INFO|Microsoft.Hosting.Lifetime|Hosting environment: Development
2021-10-01 13:57:42.8773|INFO|Microsoft.Hosting.Lifetime|Content root path: /Users/ayobamiwalletafrica/Projects/APIDemo/APIDemo
2021-10-01 17:48:29.4360|INFO|APIDemo.Program|Initializing application ...
2021-10-01 17:49:05.9132|INFO|APIDemo.Program|Initializing application ...
2021-10-01 17:50:46.0654|ERROR|APIDemo.Program|An error occured migrating the database
2021-10-01 17:50:47.0456|INFO|Microsoft.Hosting.Lifetime|Now listening on: https://localhost:5001
2021-10-01 17:50:47.0581|INFO|Microsoft.Hosting.Lifetime|Now listening on: http://localhost:1028
2021-10-01 17:50:47.0632|INFO|Microsoft.Hosting.Lifetime|Application started. Press Ctrl+C to shut down.
2021-10-01 17:50:47.0657|INFO|Microsoft.Hosting.Lifetime|Hosting environment: Development
2021-10-01 17:50:47.0921|INFO|Microsoft.Hosting.Lifetime|Content root path: /Users/ayobamiwalletafrica/Projects/APIDemo/APIDemo
2021-10-01 17:51:39.7886|INFO|APIDemo.Program|Initializing application ...
2021-10-01 18:02:11.2831|INFO|APIDemo.Program|Initializing application ...
2021-10-01 18:03:13.9090|INFO|APIDemo.Program|Initializing application ...
2021-10-01 18:06:10.8898|INFO|APIDemo.Program|Initializing application ...
2021-10-01 18:26:49.9445|INFO|APIDemo.Program|Initializing application ...
2021-10-01 18:36:47.7946|INFO|APIDemo.Program|Initializing application ...
2021-10-01 18:38:36.4900|INFO|APIDemo.Program|Initializing application ...
2021-10-01 18:47:44.8053|INFO|APIDemo.Program|Initializing application ...
2021-10-01 19:12:34.6836|INFO|APIDemo.Program|Initializing application ...
2021-10-01 19:44:34.5669|INFO|APIDemo.Program|Initializing application ...
2021-10-01 19:45:04.3551|INFO|APIDemo.Program|Initializing application ...
