2021-09-29 10:32:32.0126|INFO|APIDemo.Program|Initializing application ...
2021-09-29 10:32:34.4721|INFO|Microsoft.Hosting.Lifetime|Now listening on: https://localhost:5001
2021-09-29 10:32:34.4938|INFO|Microsoft.Hosting.Lifetime|Now listening on: http://localhost:1028
2021-09-29 10:32:34.5013|INFO|Microsoft.Hosting.Lifetime|Application started. Press Ctrl+C to shut down.
2021-09-29 10:32:34.5060|INFO|Microsoft.Hosting.Lifetime|Hosting environment: Development
2021-09-29 10:32:34.5098|INFO|Microsoft.Hosting.Lifetime|Content root path: /Users/ayobamiwalletafrica/Projects/APIDemo/APIDemo
2021-09-29 11:51:01.8846|INFO|APIDemo.Program|Initializing application ...
2021-09-29 11:51:03.7351|INFO|Microsoft.Hosting.Lifetime|Now listening on: https://localhost:5001
2021-09-29 11:51:03.7762|INFO|Microsoft.Hosting.Lifetime|Now listening on: http://localhost:1028
2021-09-29 11:51:03.8080|INFO|Microsoft.Hosting.Lifetime|Application started. Press Ctrl+C to shut down.
2021-09-29 11:51:03.8115|INFO|Microsoft.Hosting.Lifetime|Hosting environment: Development
2021-09-29 11:51:03.8152|INFO|Microsoft.Hosting.Lifetime|Content root path: /Users/ayobamiwalletafrica/Projects/APIDemo/APIDemo
2021-09-29 12:47:07.5923|INFO|APIDemo.Program|Initializing application ...
2021-09-29 12:47:09.7036|INFO|Microsoft.Hosting.Lifetime|Now listening on: https://localhost:5001
2021-09-29 12:47:09.7435|INFO|Microsoft.Hosting.Lifetime|Now listening on: http://localhost:1028
2021-09-29 12:47:09.7770|INFO|Microsoft.Hosting.Lifetime|Application started. Press Ctrl+C to shut down.
2021-09-29 12:47:09.8057|INFO|Microsoft.Hosting.Lifetime|Hosting environment: Development
2021-09-29 12:47:09.8088|INFO|Microsoft.Hosting.Lifetime|Content root path: /Users/ayobamiwalletafrica/Projects/APIDemo/APIDemo
2021-09-29 12:57:51.7157|INFO|APIDemo.Program|Initializing application ...
2021-09-29 12:57:53.5674|INFO|Microsoft.Hosting.Lifetime|Now listening on: https://localhost:5001
2021-09-29 12:57:53.6114|INFO|Microsoft.Hosting.Lifetime|Now listening on: http://localhost:1028
2021-09-29 12:57:53.6213|INFO|Microsoft.Hosting.Lifetime|Application started. Press Ctrl+C to shut down.
2021-09-29 12:57:53.6441|INFO|Microsoft.Hosting.Lifetime|Hosting environment: Development
2021-09-29 12:57:53.6470|INFO|Microsoft.Hosting.Lifetime|Content root path: /Users/ayobamiwalletafrica/Projects/APIDemo/APIDemo
2021-09-29 18:00:36.7701|INFO|APIDemo.Program|Initializing application ...
2021-09-29 18:00:38.8995|INFO|Microsoft.Hosting.Lifetime|Now listening on: https://localhost:5001
2021-09-29 18:00:38.9122|INFO|Microsoft.Hosting.Lifetime|Now listening on: http://localhost:1028
2021-09-29 18:00:38.9176|INFO|Microsoft.Hosting.Lifetime|Application started. Press Ctrl+C to shut down.
2021-09-29 18:00:38.9200|INFO|Microsoft.Hosting.Lifetime|Hosting environment: Development
2021-09-29 18:00:38.9441|INFO|Microsoft.Hosting.Lifetime|Content root path: /Users/ayobamiwalletafrica/Projects/APIDemo/APIDemo
2021-09-29 18:07:44.2367|INFO|APIDemo.Program|Initializing application ...
2021-09-29 18:07:46.0382|INFO|Microsoft.Hosting.Lifetime|Now listening on: https://localhost:5001
2021-09-29 18:07:46.0810|INFO|Microsoft.Hosting.Lifetime|Now listening on: http://localhost:1028
2021-09-29 18:07:46.1164|INFO|Microsoft.Hosting.Lifetime|Application started. Press Ctrl+C to shut down.
2021-09-29 18:07:46.1456|INFO|Microsoft.Hosting.Lifetime|Hosting environment: Development
2021-09-29 18:07:46.1511|INFO|Microsoft.Hosting.Lifetime|Content root path: /Users/ayobamiwalletafrica/Projects/APIDemo/APIDemo
2021-09-29 18:10:44.8693|INFO|APIDemo.Program|Initializing application ...
2021-09-29 18:10:46.8162|INFO|Microsoft.Hosting.Lifetime|Now listening on: https://localhost:5001
2021-09-29 18:10:46.8305|INFO|Microsoft.Hosting.Lifetime|Now listening on: http://localhost:1028
2021-09-29 18:10:46.8626|INFO|Microsoft.Hosting.Lifetime|Application started. Press Ctrl+C to shut down.
2021-09-29 18:10:46.8922|INFO|Microsoft.Hosting.Lifetime|Hosting environment: Development
2021-09-29 18:10:46.8954|INFO|Microsoft.Hosting.Lifetime|Content root path: /Users/ayobamiwalletafrica/Projects/APIDemo/APIDemo
2021-09-29 18:12:58.1091|INFO|APIDemo.Program|Initializing application ...
2021-09-29 18:12:59.9001|INFO|Microsoft.Hosting.Lifetime|Now listening on: https://localhost:5001
2021-09-29 18:12:59.9121|INFO|Microsoft.Hosting.Lifetime|Now listening on: http://localhost:1028
2021-09-29 18:12:59.9397|INFO|Microsoft.Hosting.Lifetime|Application started. Press Ctrl+C to shut down.
2021-09-29 18:12:59.9676|INFO|Microsoft.Hosting.Lifetime|Hosting environment: Development
2021-09-29 18:12:59.9943|INFO|Microsoft.Hosting.Lifetime|Content root path: /Users/ayobamiwalletafrica/Projects/APIDemo/APIDemo
2021-09-29 18:13:31.1151|INFO|APIDemo.Program|Initializing application ...
2021-09-29 18:13:32.9848|INFO|Microsoft.Hosting.Lifetime|Now listening on: https://localhost:5001
2021-09-29 18:13:32.9998|INFO|Microsoft.Hosting.Lifetime|Now listening on: http://localhost:1028
2021-09-29 18:13:33.0312|INFO|Microsoft.Hosting.Lifetime|Application started. Press Ctrl+C to shut down.
2021-09-29 18:13:33.0587|INFO|Microsoft.Hosting.Lifetime|Hosting environment: Development
2021-09-29 18:13:33.0625|INFO|Microsoft.Hosting.Lifetime|Content root path: /Users/ayobamiwalletafrica/Projects/APIDemo/APIDemo
2021-09-29 18:14:01.7761|INFO|APIDemo.Program|Initializing application ...
2021-09-29 18:14:03.5369|INFO|Microsoft.Hosting.Lifetime|Now listening on: https://localhost:5001
2021-09-29 18:14:03.5548|INFO|Microsoft.Hosting.Lifetime|Now listening on: http://localhost:1028
2021-09-29 18:14:03.5827|INFO|Microsoft.Hosting.Lifetime|Application started. Press Ctrl+C to shut down.
2021-09-29 18:14:03.5876|INFO|Microsoft.Hosting.Lifetime|Hosting environment: Development
2021-09-29 18:14:03.6149|INFO|Microsoft.Hosting.Lifetime|Content root path: /Users/ayobamiwalletafrica/Projects/APIDemo/APIDemo
2021-09-29 21:40:03.2833|INFO|APIDemo.Program|Initializing application ...
2021-09-29 21:40:05.1661|INFO|Microsoft.Hosting.Lifetime|Now listening on: https://localhost:5001
2021-09-29 21:40:05.2072|INFO|Microsoft.Hosting.Lifetime|Now listening on: http://localhost:1028
2021-09-29 21:40:05.2413|INFO|Microsoft.Hosting.Lifetime|Application started. Press Ctrl+C to shut down.
2021-09-29 21:40:05.2460|INFO|Microsoft.Hosting.Lifetime|Hosting environment: Development
2021-09-29 21:40:05.2482|INFO|Microsoft.Hosting.Lifetime|Content root path: /Users/ayobamiwalletafrica/Projects/APIDemo/APIDemo
2021-09-29 22:40:54.6626|INFO|APIDemo.Program|Initializing application ...
2021-09-29 22:40:56.5166|INFO|Microsoft.Hosting.Lifetime|Now listening on: https://localhost:5001
2021-09-29 22:40:56.5287|INFO|Microsoft.Hosting.Lifetime|Now listening on: http://localhost:1028
2021-09-29 22:40:56.5338|INFO|Microsoft.Hosting.Lifetime|Application started. Press Ctrl+C to shut down.
2021-09-29 22:40:56.5603|INFO|Microsoft.Hosting.Lifetime|Hosting environment: Development
2021-09-29 22:40:56.5850|INFO|Microsoft.Hosting.Lifetime|Content root path: /Users/ayobamiwalletafrica/Projects/APIDemo/APIDemo
2021-09-29 23:00:04.8460|INFO|APIDemo.Program|Initializing application ...
2021-09-29 23:00:06.8238|INFO|Microsoft.Hosting.Lifetime|Now listening on: https://localhost:5001
2021-09-29 23:00:06.8665|INFO|Microsoft.Hosting.Lifetime|Now listening on: http://localhost:1028
2021-09-29 23:00:06.8765|INFO|Microsoft.Hosting.Lifetime|Application started. Press Ctrl+C to shut down.
2021-09-29 23:00:06.8794|INFO|Microsoft.Hosting.Lifetime|Hosting environment: Development
2021-09-29 23:00:06.8817|INFO|Microsoft.Hosting.Lifetime|Content root path: /Users/ayobamiwalletafrica/Projects/APIDemo/APIDemo
2021-09-29 23:07:37.5514|INFO|APIDemo.Program|Initializing application ...
2021-09-29 23:07:39.6046|INFO|Microsoft.Hosting.Lifetime|Now listening on: https://localhost:5001
2021-09-29 23:07:39.6443|INFO|Microsoft.Hosting.Lifetime|Now listening on: http://localhost:1028
2021-09-29 23:07:39.6794|INFO|Microsoft.Hosting.Lifetime|Application started. Press Ctrl+C to shut down.
2021-09-29 23:07:39.6836|INFO|Microsoft.Hosting.Lifetime|Hosting environment: Development
2021-09-29 23:07:39.6870|INFO|Microsoft.Hosting.Lifetime|Content root path: /Users/ayobamiwalletafrica/Projects/APIDemo/APIDemo
2021-09-29 23:11:12.6572|INFO|APIDemo.Program|Initializing application ...
2021-09-29 23:11:14.7104|INFO|Microsoft.Hosting.Lifetime|Now listening on: https://localhost:5001
2021-09-29 23:11:14.7241|INFO|Microsoft.Hosting.Lifetime|Now listening on: http://localhost:1028
2021-09-29 23:11:14.7296|INFO|Microsoft.Hosting.Lifetime|Application started. Press Ctrl+C to shut down.
2021-09-29 23:11:14.7322|INFO|Microsoft.Hosting.Lifetime|Hosting environment: Development
2021-09-29 23:11:14.7352|INFO|Microsoft.Hosting.Lifetime|Content root path: /Users/ayobamiwalletafrica/Projects/APIDemo/APIDemo
2021-09-29 23:20:18.5182|INFO|APIDemo.Program|Initializing application ...
2021-09-29 23:20:20.4718|INFO|Microsoft.Hosting.Lifetime|Now listening on: https://localhost:5001
2021-09-29 23:20:20.4842|INFO|Microsoft.Hosting.Lifetime|Now listening on: http://localhost:1028
2021-09-29 23:20:20.4899|INFO|Microsoft.Hosting.Lifetime|Application started. Press Ctrl+C to shut down.
2021-09-29 23:20:20.4934|INFO|Microsoft.Hosting.Lifetime|Hosting environment: Development
2021-09-29 23:20:20.4958|INFO|Microsoft.Hosting.Lifetime|Content root path: /Users/ayobamiwalletafrica/Projects/APIDemo/APIDemo
