2021-10-03 00:00:18.9794|ERROR|Microsoft.AspNetCore.Diagnostics.DeveloperExceptionPageMiddleware|An unhandled exception has occurred while executing the request.
2021-10-03 00:08:02.9649|INFO|APIDemo.Program|Initializing application ...
2021-10-03 00:08:11.8189|INFO|Microsoft.Hosting.Lifetime|Now listening on: https://localhost:5001
2021-10-03 00:08:11.8368|INFO|Microsoft.Hosting.Lifetime|Now listening on: http://localhost:1028
2021-10-03 00:08:11.8436|INFO|Microsoft.Hosting.Lifetime|Application started. Press Ctrl+C to shut down.
2021-10-03 00:08:11.8496|INFO|Microsoft.Hosting.Lifetime|Hosting environment: Development
2021-10-03 00:08:11.8773|INFO|Microsoft.Hosting.Lifetime|Content root path: /Users/ayobamiwalletafrica/Projects/APIDemo/APIDemo
2021-10-03 00:21:32.3751|INFO|APIDemo.Program|Initializing application ...
2021-10-03 00:21:38.0294|INFO|Microsoft.Hosting.Lifetime|Now listening on: https://localhost:5001
2021-10-03 00:21:38.0500|INFO|Microsoft.Hosting.Lifetime|Now listening on: http://localhost:1028
2021-10-03 00:21:38.0825|INFO|Microsoft.Hosting.Lifetime|Application started. Press Ctrl+C to shut down.
2021-10-03 00:21:38.0886|INFO|Microsoft.Hosting.Lifetime|Hosting environment: Development
2021-10-03 00:21:38.1132|INFO|Microsoft.Hosting.Lifetime|Content root path: /Users/ayobamiwalletafrica/Projects/APIDemo/APIDemo
2021-10-03 00:22:07.0579|INFO|APIDemo.Controllers.PointsOfInterestController|City with id 10 was not found when accessing points of interest
2021-10-03 00:22:11.3916|ERROR|Microsoft.AspNetCore.Diagnostics.DeveloperExceptionPageMiddleware|An unhandled exception has occurred while executing the request.
2021-10-03 00:34:09.3853|INFO|APIDemo.Program|Initializing application ...
2021-10-03 00:34:15.0543|INFO|Microsoft.Hosting.Lifetime|Now listening on: https://localhost:5001
2021-10-03 00:34:15.0709|INFO|Microsoft.Hosting.Lifetime|Now listening on: http://localhost:1028
2021-10-03 00:34:15.1030|INFO|Microsoft.Hosting.Lifetime|Application started. Press Ctrl+C to shut down.
2021-10-03 00:34:15.1082|INFO|Microsoft.Hosting.Lifetime|Hosting environment: Development
2021-10-03 00:34:15.1311|INFO|Microsoft.Hosting.Lifetime|Content root path: /Users/ayobamiwalletafrica/Projects/APIDemo/APIDemo
2021-10-03 00:45:31.1679|INFO|APIDemo.Program|Initializing application ...
2021-10-03 00:45:37.1627|INFO|Microsoft.Hosting.Lifetime|Now listening on: https://localhost:5001
2021-10-03 00:45:37.1861|INFO|Microsoft.Hosting.Lifetime|Now listening on: http://localhost:1028
2021-10-03 00:45:37.1918|INFO|Microsoft.Hosting.Lifetime|Application started. Press Ctrl+C to shut down.
2021-10-03 00:45:37.2180|INFO|Microsoft.Hosting.Lifetime|Hosting environment: Development
2021-10-03 00:45:37.2457|INFO|Microsoft.Hosting.Lifetime|Content root path: /Users/ayobamiwalletafrica/Projects/APIDemo/APIDemo
2021-10-03 00:50:32.0124|INFO|APIDemo.Program|Initializing application ...
2021-10-03 00:50:38.0538|INFO|Microsoft.Hosting.Lifetime|Now listening on: https://localhost:5001
2021-10-03 00:50:38.1008|INFO|Microsoft.Hosting.Lifetime|Now listening on: http://localhost:1028
2021-10-03 00:50:38.1349|INFO|Microsoft.Hosting.Lifetime|Application started. Press Ctrl+C to shut down.
2021-10-03 00:50:38.1629|INFO|Microsoft.Hosting.Lifetime|Hosting environment: Development
2021-10-03 00:50:38.1912|INFO|Microsoft.Hosting.Lifetime|Content root path: /Users/ayobamiwalletafrica/Projects/APIDemo/APIDemo
2021-10-03 00:51:42.5205|INFO|APIDemo.Program|Initializing application ...
2021-10-03 00:51:48.2054|INFO|Microsoft.Hosting.Lifetime|Now listening on: https://localhost:5001
2021-10-03 00:51:48.2242|INFO|Microsoft.Hosting.Lifetime|Now listening on: http://localhost:1028
2021-10-03 00:51:48.2534|INFO|Microsoft.Hosting.Lifetime|Application started. Press Ctrl+C to shut down.
2021-10-03 00:51:48.2804|INFO|Microsoft.Hosting.Lifetime|Hosting environment: Development
2021-10-03 00:51:48.2878|INFO|Microsoft.Hosting.Lifetime|Content root path: /Users/ayobamiwalletafrica/Projects/APIDemo/APIDemo
